<?xml version="1.0" encoding="UTF-8"?>
<!-- Generated by org.testng.reporters.JUnitXMLReporter -->
<testsuite ignored="0" hostname="rutishqq089" failures="0" tests="7" name="Default test" time="54.898" errors="0" timestamp="2021-09-22T18:13:32 IST">
  <testcase classname="Qapitol.TrelloBoardTripPreparation.TrelloFrst" name="login" time="12.038"/>
  <testcase classname="Qapitol.TrelloBoardTripPreparation.TrelloFrst" name="board" time="17.114"/>
  <testcase classname="Qapitol.TrelloBoardTripPreparation.TrelloFrst" name="toDo" time="3.734"/>
  <testcase classname="Qapitol.TrelloBoardTripPreparation.TrelloFrst" name="doing" time="1.421"/>
  <testcase classname="Qapitol.TrelloBoardTripPreparation.TrelloFrst" name="done" time="5.688"/>
  <testcase classname="Qapitol.TrelloBoardTripPreparation.TrelloFrst" name="deleteBoard" time="0.7"/>
  <testcase classname="Qapitol.TrelloBoardTripPreparation.TrelloFrst" name="logout" time="7.979"/>
</testsuite> <!-- Default test -->
